[debug] [2024-10-24T14:07:15.615Z] ----------------------------------------------------------------------
[debug] [2024-10-24T14:07:15.621Z] Command:       C:\Program Files\nodejs\node.exe C:\Users\User\AppData\Roaming\npm\node_modules\firebase-tools\lib\bin\firebase.js init
[debug] [2024-10-24T14:07:15.621Z] CLI Version:   13.23.0
[debug] [2024-10-24T14:07:15.621Z] Platform:      win32
[debug] [2024-10-24T14:07:15.622Z] Node Version:  v20.15.0
[debug] [2024-10-24T14:07:15.622Z] Time:          Thu Oct 24 2024 16:07:15 GMT+0200 (hora de verano de Europa central)
[debug] [2024-10-24T14:07:15.622Z] ----------------------------------------------------------------------
[debug] 
[debug] [2024-10-24T14:07:15.632Z] > command requires scopes: ["email","openid","https://www.googleapis.com/auth/cloudplatformprojects.readonly","https://www.googleapis.com/auth/firebase","https://www.googleapis.com/auth/cloud-platform"]
[debug] [2024-10-24T14:07:15.632Z] > authorizing via signed-in user (juanvprada@gmail.com)
[info] 
     ######## #### ########  ######## ########     ###     ######  ########
     ##        ##  ##     ## ##       ##     ##  ##   ##  ##       ##
     ######    ##  ########  ######   ########  #########  ######  ######
     ##        ##  ##    ##  ##       ##     ## ##     ##       ## ##
     ##       #### ##     ## ######## ########  ##     ##  ######  ########

You're about to initialize a Firebase project in this directory:

  C:\Users\User\Desktop\jvp-portfolio

[info] 
=== Project Setup
[info] 
[info] First, let's associate this project directory with a Firebase project.
[info] You can create multiple project aliases by running firebase use --add, 
[info] but for now we'll just set up a default project.
[info] 
[debug] [2024-10-24T14:10:10.607Z] Checked if tokens are valid: true, expires at: 1729782419565
[debug] [2024-10-24T14:10:10.607Z] Checked if tokens are valid: true, expires at: 1729782419565
[debug] [2024-10-24T14:10:10.611Z] >>> [apiv2][query] GET https://firebase.googleapis.com/v1beta1/projects pageSize=100
[debug] [2024-10-24T14:10:11.182Z] <<< [apiv2][status] GET https://firebase.googleapis.com/v1beta1/projects 200
[debug] [2024-10-24T14:10:11.183Z] <<< [apiv2][body] GET https://firebase.googleapis.com/v1beta1/projects [omitted]
[info] i  Using project portfoliojvp-ede8c (PortfolioJVP) 
[info] 
=== Hosting Setup
[debug] [2024-10-24T14:10:17.759Z] Checked if tokens are valid: true, expires at: 1729782419565
[debug] [2024-10-24T14:10:17.759Z] Checked if tokens are valid: true, expires at: 1729782419565
[debug] [2024-10-24T14:10:17.760Z] >>> [apiv2][query] GET https://firebase.googleapis.com/v1beta1/projects/portfoliojvp-ede8c [none]
[debug] [2024-10-24T14:10:18.302Z] <<< [apiv2][status] GET https://firebase.googleapis.com/v1beta1/projects/portfoliojvp-ede8c 200
[debug] [2024-10-24T14:10:18.303Z] <<< [apiv2][body] GET https://firebase.googleapis.com/v1beta1/projects/portfoliojvp-ede8c {"projectId":"portfoliojvp-ede8c","projectNumber":"67121638250","displayName":"PortfolioJVP","name":"projects/portfoliojvp-ede8c","resources":{"hostingSite":"portfoliojvp-ede8c"},"state":"ACTIVE","etag":"1_bf83c010-2164-44a8-be1f-ef3c848b4f36"}
[info] 
[info] Your public directory is the folder (relative to your project directory) that
[info] will contain Hosting assets to be uploaded with firebase deploy. If you
[info] have a build process for your assets, use your build's output directory.
[info] 
